# JRE version: Java(TM) SE Runtime Environment (8.0_131-b11) (build 1.8.0_131-b11)
# Java VM: Java HotSpot(TM) 64-Bit Server VM (25.131-b11 mixed mode windows-amd64 compressed oops)
Heap:
 PSYoungGen      total 245760K, used 96322K [0x00000000d5d80000, 0x00000000e6980000, 0x0000000100000000)
  eden space 231424K, 35% used [0x00000000d5d80000,0x00000000dad94c70,0x00000000e3f80000)
  from space 14336K, 99% used [0x00000000e5380000,0x00000000e617beb0,0x00000000e6180000)
  to   space 20480K, 0% used [0x00000000e3f80000,0x00000000e3f80000,0x00000000e5380000)
 ParOldGen       total 70144K, used 27382K [0x0000000081800000, 0x0000000085c80000, 0x00000000d5d80000)
  object space 70144K, 39% used [0x0000000081800000,0x00000000832bd918,0x0000000085c80000)
 Metaspace       used 30663K, capacity 32098K, committed 32256K, reserved 1077248K
  class space    used 3970K, capacity 4248K, committed 4352K, reserved 1048576K
GC Heap History (10 events):
Event: 7.973 GC heap before
{Heap before GC invocations=7 (full 1):
 PSYoungGen      total 49152K, used 47060K [0x00000000d5d80000, 0x00000000dc600000, 0x0000000100000000)
  eden space 44032K, 99% used [0x00000000d5d80000,0x00000000d8877d88,0x00000000d8880000)
  from space 5120K, 59% used [0x00000000d8880000,0x00000000d8b7d600,0x00000000d8d80000)
  to   space 11776K, 0% used [0x00000000dba80000,0x00000000dba80000,0x00000000dc600000)
 ParOldGen       total 70144K, used 11302K [0x0000000081800000, 0x0000000085c80000, 0x00000000d5d80000)
  object space 70144K, 16% used [0x0000000081800000,0x0000000082309b08,0x0000000085c80000)
 Metaspace       used 26348K, capacity 27324K, committed 27392K, reserved 1073152K
  class space    used 3569K, capacity 3825K, committed 3840K, reserved 1048576K
Event: 7.977 GC heap after
Heap after GC invocations=7 (full 1):
 PSYoungGen      total 95232K, used 3040K [0x00000000d5d80000, 0x00000000dc700000, 0x0000000100000000)
  eden space 83456K, 0% used [0x00000000d5d80000,0x00000000d5d80000,0x00000000daf00000)
  from space 11776K, 25% used [0x00000000dba80000,0x00000000dbd780f0,0x00000000dc600000)
  to   space 11776K, 0% used [0x00000000daf00000,0x00000000daf00000,0x00000000dba80000)
 ParOldGen       total 70144K, used 11310K [0x0000000081800000, 0x0000000085c80000, 0x00000000d5d80000)
  object space 70144K, 16% used [0x0000000081800000,0x000000008230bb08,0x0000000085c80000)
 Metaspace       used 26348K, capacity 27324K, committed 27392K, reserved 1073152K
  class space    used 3569K, capacity 3825K, committed 3840K, reserved 1048576K
}
Event: 8.011 GC heap before
{Heap before GC invocations=8 (full 1):
 PSYoungGen      total 95232K, used 86440K [0x00000000d5d80000, 0x00000000dc700000, 0x0000000100000000)
  eden space 83456K, 99% used [0x00000000d5d80000,0x00000000daef1f58,0x00000000daf00000)
  from space 11776K, 25% used [0x00000000dba80000,0x00000000dbd780f0,0x00000000dc600000)
  to   space 11776K, 0% used [0x00000000daf00000,0x00000000daf00000,0x00000000dba80000)
 ParOldGen       total 70144K, used 11310K [0x0000000081800000, 0x0000000085c80000, 0x00000000d5d80000)
  object space 70144K, 16% used [0x0000000081800000,0x000000008230bb08,0x0000000085c80000)
 Metaspace       used 26348K, capacity 27324K, committed 27392K, reserved 1073152K
  class space    used 3569K, capacity 3825K, committed 3840K, reserved 1048576K
Event: 8.015 GC heap after
Heap after GC invocations=8 (full 1):
 PSYoungGen      total 95232K, used 3094K [0x00000000d5d80000, 0x00000000e0f00000, 0x0000000100000000)
  eden space 83456K, 0% used [0x00000000d5d80000,0x00000000d5d80000,0x00000000daf00000)
  from space 11776K, 26% used [0x00000000daf00000,0x00000000db205968,0x00000000dba80000)
  to   space 11264K, 0% used [0x00000000e0400000,0x00000000e0400000,0x00000000e0f00000)
 ParOldGen       total 70144K, used 11310K [0x0000000081800000, 0x0000000085c80000, 0x00000000d5d80000)
  object space 70144K, 16% used [0x0000000081800000,0x000000008230bb08,0x0000000085c80000)
 Metaspace       used 26348K, capacity 27324K, committed 27392K, reserved 1073152K
  class space    used 3569K, capacity 3825K, committed 3840K, reserved 1048576K
}
Event: 8.925 GC heap before
{Heap before GC invocations=9 (full 1):
 PSYoungGen      total 95232K, used 86550K [0x00000000d5d80000, 0x00000000e0f00000, 0x0000000100000000)
  eden space 83456K, 100% used [0x00000000d5d80000,0x00000000daf00000,0x00000000daf00000)
  from space 11776K, 26% used [0x00000000daf00000,0x00000000db205968,0x00000000dba80000)
  to   space 11264K, 0% used [0x00000000e0400000,0x00000000e0400000,0x00000000e0f00000)
 ParOldGen       total 70144K, used 11310K [0x0000000081800000, 0x0000000085c80000, 0x00000000d5d80000)
  object space 70144K, 16% used [0x0000000081800000,0x000000008230bb08,0x0000000085c80000)
 Metaspace       used 26921K, capacity 27966K, committed 28288K, reserved 1073152K
  class space    used 3618K, capacity 3876K, committed 3968K, reserved 1048576K
Event: 8.933 GC heap after
Heap after GC invocations=9 (full 1):
 PSYoungGen      total 166400K, used 2807K [0x00000000d5d80000, 0x00000000e0d00000, 0x0000000100000000)
  eden space 157184K, 0% used [0x00000000d5d80000,0x00000000d5d80000,0x00000000df700000)
  from space 9216K, 30% used [0x00000000e0400000,0x00000000e06bdd18,0x00000000e0d00000)
  to   space 11264K, 0% used [0x00000000df700000,0x00000000df700000,0x00000000e0200000)
 ParOldGen       total 70144K, used 14105K [0x0000000081800000, 0x0000000085c80000, 0x00000000d5d80000)
  object space 70144K, 20% used [0x0000000081800000,0x00000000825c6710,0x0000000085c80000)
 Metaspace       used 26921K, capacity 27966K, committed 28288K, reserved 1073152K
  class space    used 3618K, capacity 3876K, committed 3968K, reserved 1048576K
}
Event: 12.711 GC heap before
{Heap before GC invocations=10 (full 1):
 PSYoungGen      total 166400K, used 159549K [0x00000000d5d80000, 0x00000000e0d00000, 0x0000000100000000)
  eden space 157184K, 99% used [0x00000000d5d80000,0x00000000df6917b0,0x00000000df700000)
  from space 9216K, 30% used [0x00000000e0400000,0x00000000e06bdd18,0x00000000e0d00000)
  to   space 11264K, 0% used [0x00000000df700000,0x00000000df700000,0x00000000e0200000)
 ParOldGen       total 70144K, used 14105K [0x0000000081800000, 0x0000000085c80000, 0x00000000d5d80000)
  object space 70144K, 20% used [0x0000000081800000,0x00000000825c6710,0x0000000085c80000)
 Metaspace       used 28923K, capacity 30096K, committed 30208K, reserved 1075200K
  class space    used 3794K, capacity 4073K, committed 4096K, reserved 1048576K
Event: 12.721 GC heap after
Heap after GC invocations=10 (full 1):
 PSYoungGen      total 168448K, used 11262K [0x00000000d5d80000, 0x00000000e6180000, 0x0000000100000000)
  eden space 157184K, 0% used [0x00000000d5d80000,0x00000000d5d80000,0x00000000df700000)
  from space 11264K, 99% used [0x00000000df700000,0x00000000e01ffb50,0x00000000e0200000)
  to   space 14336K, 0% used [0x00000000e5380000,0x00000000e5380000,0x00000000e6180000)
 ParOldGen       total 70144K, used 17240K [0x0000000081800000, 0x0000000085c80000, 0x00000000d5d80000)
  object space 70144K, 24% used [0x0000000081800000,0x00000000828d6298,0x0000000085c80000)
 Metaspace       used 28923K, capacity 30096K, committed 30208K, reserved 1075200K
  class space    used 3794K, capacity 4073K, committed 4096K, reserved 1048576K
}
Event: 23.038 GC heap before
{Heap before GC invocations=11 (full 1):
 PSYoungGen      total 168448K, used 168446K [0x00000000d5d80000, 0x00000000e6180000, 0x0000000100000000)
  eden space 157184K, 100% used [0x00000000d5d80000,0x00000000df700000,0x00000000df700000)
  from space 11264K, 99% used [0x00000000df700000,0x00000000e01ffb50,0x00000000e0200000)
  to   space 14336K, 0% used [0x00000000e5380000,0x00000000e5380000,0x00000000e6180000)
 ParOldGen       total 70144K, used 17240K [0x0000000081800000, 0x0000000085c80000, 0x00000000d5d80000)
  object space 70144K, 24% used [0x0000000081800000,0x00000000828d6298,0x0000000085c80000)
 Metaspace       used 30373K, capacity 31836K, committed 32000K, reserved 1077248K
  class space    used 3963K, capacity 4247K, committed 4352K, reserved 1048576K
Event: 23.057 GC heap after
Heap after GC invocations=11 (full 1):
 PSYoungGen      total 245760K, used 14319K [0x00000000d5d80000, 0x00000000e6980000, 0x0000000100000000)
  eden space 231424K, 0% used [0x00000000d5d80000,0x00000000d5d80000,0x00000000e3f80000)
  from space 14336K, 99% used [0x00000000e5380000,0x00000000e617beb0,0x00000000e6180000)
  to   space 20480K, 0% used [0x00000000e3f80000,0x00000000e3f80000,0x00000000e5380000)
 ParOldGen       total 70144K, used 27382K [0x0000000081800000, 0x0000000085c80000, 0x00000000d5d80000)
  object space 70144K, 39% used [0x0000000081800000,0x00000000832bd918,0x0000000085c80000)
 Metaspace       used 30373K, capacity 31836K, committed 32000K, reserved 1077248K
  class space    used 3963K, capacity 4247K, committed 4352K, reserved 1048576K
}

