# JRE version: Java(TM) SE Runtime Environment (8.0_131-b11) (build 1.8.0_131-b11)
# Java VM: Java HotSpot(TM) 64-Bit Server VM (25.131-b11 mixed mode windows-amd64 compressed oops)
Heap:
 PSYoungGen      total 109056K, used 79045K [0x00000000d5d80000, 0x00000000e2b00000, 0x0000000100000000)
  eden space 97280K, 77% used [0x00000000d5d80000,0x00000000da731458,0x00000000dbc80000)
  from space 11776K, 30% used [0x00000000dbc80000,0x00000000dbfffff0,0x00000000dc800000)
  to   space 11264K, 0% used [0x00000000e2000000,0x00000000e2000000,0x00000000e2b00000)
 ParOldGen       total 62464K, used 11357K [0x0000000081800000, 0x0000000085500000, 0x00000000d5d80000)
  object space 62464K, 18% used [0x0000000081800000,0x0000000082317470,0x0000000085500000)
 Metaspace       used 28140K, capacity 29424K, committed 29696K, reserved 1075200K
  class space    used 3780K, capacity 4067K, committed 4096K, reserved 1048576K
GC Heap History (10 events):
Event: 18.667 GC heap before
{Heap before GC invocations=4 (full 1):
 PSYoungGen      total 38400K, used 33280K [0x00000000d5d80000, 0x00000000da880000, 0x0000000100000000)
  eden space 33280K, 100% used [0x00000000d5d80000,0x00000000d7e00000,0x00000000d7e00000)
  from space 5120K, 0% used [0x00000000d8300000,0x00000000d8300000,0x00000000d8800000)
  to   space 5120K, 0% used [0x00000000d7e00000,0x00000000d7e00000,0x00000000d8300000)
 ParOldGen       total 62464K, used 11273K [0x0000000081800000, 0x0000000085500000, 0x00000000d5d80000)
  object space 62464K, 18% used [0x0000000081800000,0x00000000823025e0,0x0000000085500000)
 Metaspace       used 27263K, capacity 28520K, committed 28672K, reserved 1073152K
  class space    used 3707K, capacity 3977K, committed 4096K, reserved 1048576K
Event: 18.675 GC heap after
Heap after GC invocations=4 (full 1):
 PSYoungGen      total 38400K, used 5100K [0x00000000d5d80000, 0x00000000d9900000, 0x0000000100000000)
  eden space 33280K, 0% used [0x00000000d5d80000,0x00000000d5d80000,0x00000000d7e00000)
  from space 5120K, 99% used [0x00000000d7e00000,0x00000000d82fb0d8,0x00000000d8300000)
  to   space 5120K, 0% used [0x00000000d9400000,0x00000000d9400000,0x00000000d9900000)
 ParOldGen       total 62464K, used 11341K [0x0000000081800000, 0x0000000085500000, 0x00000000d5d80000)
  object space 62464K, 18% used [0x0000000081800000,0x0000000082313470,0x0000000085500000)
 Metaspace       used 27263K, capacity 28520K, committed 28672K, reserved 1073152K
  class space    used 3707K, capacity 3977K, committed 4096K, reserved 1048576K
}
Event: 18.705 GC heap before
{Heap before GC invocations=5 (full 1):
 PSYoungGen      total 38400K, used 38346K [0x00000000d5d80000, 0x00000000d9900000, 0x0000000100000000)
  eden space 33280K, 99% used [0x00000000d5d80000,0x00000000d7df7758,0x00000000d7e00000)
  from space 5120K, 99% used [0x00000000d7e00000,0x00000000d82fb0d8,0x00000000d8300000)
  to   space 5120K, 0% used [0x00000000d9400000,0x00000000d9400000,0x00000000d9900000)
 ParOldGen       total 62464K, used 11341K [0x0000000081800000, 0x0000000085500000, 0x00000000d5d80000)
  object space 62464K, 18% used [0x0000000081800000,0x0000000082313470,0x0000000085500000)
 Metaspace       used 27278K, capacity 28522K, committed 28672K, reserved 1073152K
  class space    used 3709K, capacity 3978K, committed 4096K, reserved 1048576K
Event: 18.712 GC heap after
Heap after GC invocations=5 (full 1):
 PSYoungGen      total 55808K, used 3467K [0x00000000d5d80000, 0x00000000da480000, 0x0000000100000000)
  eden space 50688K, 0% used [0x00000000d5d80000,0x00000000d5d80000,0x00000000d8f00000)
  from space 5120K, 67% used [0x00000000d9400000,0x00000000d9762f08,0x00000000d9900000)
  to   space 5120K, 0% used [0x00000000d8f00000,0x00000000d8f00000,0x00000000d9400000)
 ParOldGen       total 62464K, used 11349K [0x0000000081800000, 0x0000000085500000, 0x00000000d5d80000)
  object space 62464K, 18% used [0x0000000081800000,0x0000000082315470,0x0000000085500000)
 Metaspace       used 27278K, capacity 28522K, committed 28672K, reserved 1073152K
  class space    used 3709K, capacity 3978K, committed 4096K, reserved 1048576K
}
Event: 18.734 GC heap before
{Heap before GC invocations=6 (full 1):
 PSYoungGen      total 55808K, used 54146K [0x00000000d5d80000, 0x00000000da480000, 0x0000000100000000)
  eden space 50688K, 99% used [0x00000000d5d80000,0x00000000d8efdb60,0x00000000d8f00000)
  from space 5120K, 67% used [0x00000000d9400000,0x00000000d9762f08,0x00000000d9900000)
  to   space 5120K, 0% used [0x00000000d8f00000,0x00000000d8f00000,0x00000000d9400000)
 ParOldGen       total 62464K, used 11349K [0x0000000081800000, 0x0000000085500000, 0x00000000d5d80000)
  object space 62464K, 18% used [0x0000000081800000,0x0000000082315470,0x0000000085500000)
 Metaspace       used 27278K, capacity 28522K, committed 28672K, reserved 1073152K
  class space    used 3709K, capacity 3978K, committed 4096K, reserved 1048576K
Event: 18.738 GC heap after
Heap after GC invocations=6 (full 1):
 PSYoungGen      total 55808K, used 3575K [0x00000000d5d80000, 0x00000000dd380000, 0x0000000100000000)
  eden space 50688K, 0% used [0x00000000d5d80000,0x00000000d5d80000,0x00000000d8f00000)
  from space 5120K, 69% used [0x00000000d8f00000,0x00000000d927df10,0x00000000d9400000)
  to   space 11776K, 0% used [0x00000000dc800000,0x00000000dc800000,0x00000000dd380000)
 ParOldGen       total 62464K, used 11357K [0x0000000081800000, 0x0000000085500000, 0x00000000d5d80000)
  object space 62464K, 18% used [0x0000000081800000,0x0000000082317470,0x0000000085500000)
 Metaspace       used 27278K, capacity 28522K, committed 28672K, reserved 1073152K
  class space    used 3709K, capacity 3978K, committed 4096K, reserved 1048576K
}
Event: 18.754 GC heap before
{Heap before GC invocations=7 (full 1):
 PSYoungGen      total 55808K, used 54147K [0x00000000d5d80000, 0x00000000dd380000, 0x0000000100000000)
  eden space 50688K, 99% used [0x00000000d5d80000,0x00000000d8ee30a0,0x00000000d8f00000)
  from space 5120K, 69% used [0x00000000d8f00000,0x00000000d927df10,0x00000000d9400000)
  to   space 11776K, 0% used [0x00000000dc800000,0x00000000dc800000,0x00000000dd380000)
 ParOldGen       total 62464K, used 11357K [0x0000000081800000, 0x0000000085500000, 0x00000000d5d80000)
  object space 62464K, 18% used [0x0000000081800000,0x0000000082317470,0x0000000085500000)
 Metaspace       used 27278K, capacity 28522K, committed 28672K, reserved 1073152K
  class space    used 3709K, capacity 3978K, committed 4096K, reserved 1048576K
Event: 18.759 GC heap after
Heap after GC invocations=7 (full 1):
 PSYoungGen      total 109056K, used 3508K [0x00000000d5d80000, 0x00000000dd480000, 0x0000000100000000)
  eden space 97280K, 0% used [0x00000000d5d80000,0x00000000d5d80000,0x00000000dbc80000)
  from space 11776K, 29% used [0x00000000dc800000,0x00000000dcb6d3d0,0x00000000dd380000)
  to   space 11776K, 0% used [0x00000000dbc80000,0x00000000dbc80000,0x00000000dc800000)
 ParOldGen       total 62464K, used 11357K [0x0000000081800000, 0x0000000085500000, 0x00000000d5d80000)
  object space 62464K, 18% used [0x0000000081800000,0x0000000082317470,0x0000000085500000)
 Metaspace       used 27278K, capacity 28522K, committed 28672K, reserved 1073152K
  class space    used 3709K, capacity 3978K, committed 4096K, reserved 1048576K
}
Event: 18.806 GC heap before
{Heap before GC invocations=8 (full 1):
 PSYoungGen      total 109056K, used 100764K [0x00000000d5d80000, 0x00000000dd480000, 0x0000000100000000)
  eden space 97280K, 99% used [0x00000000d5d80000,0x00000000dbc79f08,0x00000000dbc80000)
  from space 11776K, 29% used [0x00000000dc800000,0x00000000dcb6d3d0,0x00000000dd380000)
  to   space 11776K, 0% used [0x00000000dbc80000,0x00000000dbc80000,0x00000000dc800000)
 ParOldGen       total 62464K, used 11357K [0x0000000081800000, 0x0000000085500000, 0x00000000d5d80000)
  object space 62464K, 18% used [0x0000000081800000,0x0000000082317470,0x0000000085500000)
 Metaspace       used 27278K, capacity 28522K, committed 28672K, reserved 1073152K
  class space    used 3709K, capacity 3978K, committed 4096K, reserved 1048576K
Event: 18.811 GC heap after
Heap after GC invocations=8 (full 1):
 PSYoungGen      total 109056K, used 3583K [0x00000000d5d80000, 0x00000000e2b00000, 0x0000000100000000)
  eden space 97280K, 0% used [0x00000000d5d80000,0x00000000d5d80000,0x00000000dbc80000)
  from space 11776K, 30% used [0x00000000dbc80000,0x00000000dbfffff0,0x00000000dc800000)
  to   space 11264K, 0% used [0x00000000e2000000,0x00000000e2000000,0x00000000e2b00000)
 ParOldGen       total 62464K, used 11357K [0x0000000081800000, 0x0000000085500000, 0x00000000d5d80000)
  object space 62464K, 18% used [0x0000000081800000,0x0000000082317470,0x0000000085500000)
 Metaspace       used 27278K, capacity 28522K, committed 28672K, reserved 1073152K
  class space    used 3709K, capacity 3978K, committed 4096K, reserved 1048576K
}

