# JRE version: Java(TM) SE Runtime Environment (8.0_131-b11) (build 1.8.0_131-b11)
# Java VM: Java HotSpot(TM) 64-Bit Server VM (25.131-b11 mixed mode windows-amd64 compressed oops)
Heap:
 PSYoungGen      total 385024K, used 342428K [0x00000000d5d80000, 0x00000000f0500000, 0x0000000100000000)
  eden space 356864K, 88% used [0x00000000d5d80000,0x00000000e926d348,0x00000000eba00000)
  from space 28160K, 92% used [0x00000000ed980000,0x00000000ef2f9f28,0x00000000ef500000)
  to   space 32256K, 0% used [0x00000000eba00000,0x00000000eba00000,0x00000000ed980000)
 ParOldGen       total 135168K, used 61765K [0x0000000081800000, 0x0000000089c00000, 0x00000000d5d80000)
  object space 135168K, 45% used [0x0000000081800000,0x0000000085451530,0x0000000089c00000)
 Metaspace       used 32242K, capacity 33730K, committed 33792K, reserved 1079296K
  class space    used 4016K, capacity 4324K, committed 4352K, reserved 1048576K
GC Heap History (10 events):
Event: 13.466 GC heap before
{Heap before GC invocations=10 (full 1):
 PSYoungGen      total 177152K, used 173726K [0x00000000d5d80000, 0x00000000e1800000, 0x0000000100000000)
  eden space 169472K, 99% used [0x00000000d5d80000,0x00000000e0267b18,0x00000000e0300000)
  from space 7680K, 63% used [0x00000000e1080000,0x00000000e1540010,0x00000000e1800000)
  to   space 10752K, 0% used [0x00000000e0300000,0x00000000e0300000,0x00000000e0d80000)
 ParOldGen       total 65024K, used 14146K [0x0000000081800000, 0x0000000085780000, 0x00000000d5d80000)
  object space 65024K, 21% used [0x0000000081800000,0x00000000825d0840,0x0000000085780000)
 Metaspace       used 29168K, capacity 30332K, committed 30464K, reserved 1075200K
  class space    used 3805K, capacity 4085K, committed 4096K, reserved 1048576K
Event: 13.479 GC heap after
Heap after GC invocations=10 (full 1):
 PSYoungGen      total 180224K, used 10731K [0x00000000d5d80000, 0x00000000e7300000, 0x0000000100000000)
  eden space 169472K, 0% used [0x00000000d5d80000,0x00000000d5d80000,0x00000000e0300000)
  from space 10752K, 99% used [0x00000000e0300000,0x00000000e0d7ad28,0x00000000e0d80000)
  to   space 14848K, 0% used [0x00000000e6480000,0x00000000e6480000,0x00000000e7300000)
 ParOldGen       total 65024K, used 20771K [0x0000000081800000, 0x0000000085780000, 0x00000000d5d80000)
  object space 65024K, 31% used [0x0000000081800000,0x0000000082c48c48,0x0000000085780000)
 Metaspace       used 29168K, capacity 30332K, committed 30464K, reserved 1075200K
  class space    used 3805K, capacity 4085K, committed 4096K, reserved 1048576K
}
Event: 22.705 GC heap before
{Heap before GC invocations=11 (full 1):
 PSYoungGen      total 180224K, used 180203K [0x00000000d5d80000, 0x00000000e7300000, 0x0000000100000000)
  eden space 169472K, 100% used [0x00000000d5d80000,0x00000000e0300000,0x00000000e0300000)
  from space 10752K, 99% used [0x00000000e0300000,0x00000000e0d7ad28,0x00000000e0d80000)
  to   space 14848K, 0% used [0x00000000e6480000,0x00000000e6480000,0x00000000e7300000)
 ParOldGen       total 65024K, used 20771K [0x0000000081800000, 0x0000000085780000, 0x00000000d5d80000)
  object space 65024K, 31% used [0x0000000081800000,0x0000000082c48c48,0x0000000085780000)
 Metaspace       used 29882K, capacity 31064K, committed 31232K, reserved 1077248K
  class space    used 3813K, capacity 4091K, committed 4096K, reserved 1048576K
Event: 22.727 GC heap after
Heap after GC invocations=11 (full 1):
 PSYoungGen      total 262144K, used 11206K [0x00000000d5d80000, 0x00000000e7080000, 0x0000000100000000)
  eden space 249856K, 0% used [0x00000000d5d80000,0x00000000d5d80000,0x00000000e5180000)
  from space 12288K, 91% used [0x00000000e6480000,0x00000000e6f71b68,0x00000000e7080000)
  to   space 15872K, 0% used [0x00000000e5180000,0x00000000e5180000,0x00000000e6100000)
 ParOldGen       total 65024K, used 39370K [0x0000000081800000, 0x0000000085780000, 0x00000000d5d80000)
  object space 65024K, 60% used [0x0000000081800000,0x0000000083e72bb0,0x0000000085780000)
 Metaspace       used 29882K, capacity 31064K, committed 31232K, reserved 1077248K
  class space    used 3813K, capacity 4091K, committed 4096K, reserved 1048576K
}
Event: 63.746 GC heap before
{Heap before GC invocations=12 (full 1):
 PSYoungGen      total 262144K, used 261062K [0x00000000d5d80000, 0x00000000e7080000, 0x0000000100000000)
  eden space 249856K, 100% used [0x00000000d5d80000,0x00000000e5180000,0x00000000e5180000)
  from space 12288K, 91% used [0x00000000e6480000,0x00000000e6f71b68,0x00000000e7080000)
  to   space 15872K, 0% used [0x00000000e5180000,0x00000000e5180000,0x00000000e6100000)
 ParOldGen       total 65024K, used 39370K [0x0000000081800000, 0x0000000085780000, 0x00000000d5d80000)
  object space 65024K, 60% used [0x0000000081800000,0x0000000083e72bb0,0x0000000085780000)
 Metaspace       used 31013K, capacity 32282K, committed 32384K, reserved 1077248K
  class space    used 3861K, capacity 4136K, committed 4224K, reserved 1048576K
Event: 63.785 GC heap after
Heap after GC invocations=12 (full 1):
 PSYoungGen      total 265728K, used 15856K [0x00000000d5d80000, 0x00000000ef500000, 0x0000000100000000)
  eden space 249856K, 0% used [0x00000000d5d80000,0x00000000d5d80000,0x00000000e5180000)
  from space 15872K, 99% used [0x00000000e5180000,0x00000000e60fc330,0x00000000e6100000)
  to   space 28160K, 0% used [0x00000000ed980000,0x00000000ed980000,0x00000000ef500000)
 ParOldGen       total 66048K, used 65700K [0x0000000081800000, 0x0000000085880000, 0x00000000d5d80000)
  object space 66048K, 99% used [0x0000000081800000,0x0000000085829038,0x0000000085880000)
 Metaspace       used 31013K, capacity 32282K, committed 32384K, reserved 1077248K
  class space    used 3861K, capacity 4136K, committed 4224K, reserved 1048576K
}
Event: 63.785 GC heap before
{Heap before GC invocations=13 (full 2):
 PSYoungGen      total 265728K, used 15856K [0x00000000d5d80000, 0x00000000ef500000, 0x0000000100000000)
  eden space 249856K, 0% used [0x00000000d5d80000,0x00000000d5d80000,0x00000000e5180000)
  from space 15872K, 99% used [0x00000000e5180000,0x00000000e60fc330,0x00000000e6100000)
  to   space 28160K, 0% used [0x00000000ed980000,0x00000000ed980000,0x00000000ef500000)
 ParOldGen       total 66048K, used 65700K [0x0000000081800000, 0x0000000085880000, 0x00000000d5d80000)
  object space 66048K, 99% used [0x0000000081800000,0x0000000085829038,0x0000000085880000)
 Metaspace       used 31013K, capacity 32282K, committed 32384K, reserved 1077248K
  class space    used 3861K, capacity 4136K, committed 4224K, reserved 1048576K
Event: 63.883 GC heap after
Heap after GC invocations=13 (full 2):
 PSYoungGen      total 265728K, used 0K [0x00000000d5d80000, 0x00000000ef500000, 0x0000000100000000)
  eden space 249856K, 0% used [0x00000000d5d80000,0x00000000d5d80000,0x00000000e5180000)
  from space 15872K, 0% used [0x00000000e5180000,0x00000000e5180000,0x00000000e6100000)
  to   space 28160K, 0% used [0x00000000ed980000,0x00000000ed980000,0x00000000ef500000)
 ParOldGen       total 135168K, used 57201K [0x0000000081800000, 0x0000000089c00000, 0x00000000d5d80000)
  object space 135168K, 42% used [0x0000000081800000,0x0000000084fdc420,0x0000000089c00000)
 Metaspace       used 31010K, capacity 32276K, committed 32384K, reserved 1077248K
  class space    used 3860K, capacity 4135K, committed 4224K, reserved 1048576K
}
Event: 70.267 GC heap before
{Heap before GC invocations=14 (full 2):
 PSYoungGen      total 265728K, used 246990K [0x00000000d5d80000, 0x00000000ef500000, 0x0000000100000000)
  eden space 249856K, 98% used [0x00000000d5d80000,0x00000000e4eb3a98,0x00000000e5180000)
  from space 15872K, 0% used [0x00000000e5180000,0x00000000e5180000,0x00000000e6100000)
  to   space 28160K, 0% used [0x00000000ed980000,0x00000000ed980000,0x00000000ef500000)
 ParOldGen       total 135168K, used 61757K [0x0000000081800000, 0x0000000089c00000, 0x00000000d5d80000)
  object space 135168K, 45% used [0x0000000081800000,0x000000008544f530,0x0000000089c00000)
 Metaspace       used 31267K, capacity 32492K, committed 32640K, reserved 1077248K
  class space    used 3864K, capacity 4137K, committed 4224K, reserved 1048576K
Event: 70.286 GC heap after
Heap after GC invocations=14 (full 2):
 PSYoungGen      total 385024K, used 26087K [0x00000000d5d80000, 0x00000000f0500000, 0x0000000100000000)
  eden space 356864K, 0% used [0x00000000d5d80000,0x00000000d5d80000,0x00000000eba00000)
  from space 28160K, 92% used [0x00000000ed980000,0x00000000ef2f9f28,0x00000000ef500000)
  to   space 32256K, 0% used [0x00000000eba00000,0x00000000eba00000,0x00000000ed980000)
 ParOldGen       total 135168K, used 61765K [0x0000000081800000, 0x0000000089c00000, 0x00000000d5d80000)
  object space 135168K, 45% used [0x0000000081800000,0x0000000085451530,0x0000000089c00000)
 Metaspace       used 31267K, capacity 32492K, committed 32640K, reserved 1077248K
  class space    used 3864K, capacity 4137K, committed 4224K, reserved 1048576K
}

