# JRE version: Java(TM) SE Runtime Environment (8.0_131-b11) (build 1.8.0_131-b11)
# Java VM: Java HotSpot(TM) 64-Bit Server VM (25.131-b11 mixed mode windows-amd64 compressed oops)
Heap:
 PSYoungGen      total 188416K, used 82137K [0x00000000d5d80000, 0x00000000e2200000, 0x0000000100000000)
  eden space 179712K, 42% used [0x00000000d5d80000,0x00000000da8f66d0,0x00000000e0d00000)
  from space 8704K, 55% used [0x00000000e1980000,0x00000000e1e400e8,0x00000000e2200000)
  to   space 10752K, 0% used [0x00000000e0d00000,0x00000000e0d00000,0x00000000e1780000)
 ParOldGen       total 63488K, used 17394K [0x0000000081800000, 0x0000000085600000, 0x00000000d5d80000)
  object space 63488K, 27% used [0x0000000081800000,0x00000000828fc8e8,0x0000000085600000)
 Metaspace       used 30354K, capacity 31722K, committed 32000K, reserved 1077248K
  class space    used 3963K, capacity 4264K, committed 4352K, reserved 1048576K
GC Heap History (10 events):
Event: 21.428 GC heap before
{Heap before GC invocations=5 (full 1):
 PSYoungGen      total 38400K, used 38397K [0x00000000d5d80000, 0x00000000d9800000, 0x0000000100000000)
  eden space 33280K, 100% used [0x00000000d5d80000,0x00000000d7e00000,0x00000000d7e00000)
  from space 5120K, 99% used [0x00000000d7e00000,0x00000000d82ff7f8,0x00000000d8300000)
  to   space 5120K, 0% used [0x00000000d9300000,0x00000000d9300000,0x00000000d9800000)
 ParOldGen       total 63488K, used 11792K [0x0000000081800000, 0x0000000085600000, 0x00000000d5d80000)
  object space 63488K, 18% used [0x0000000081800000,0x00000000823843f8,0x0000000085600000)
 Metaspace       used 28713K, capacity 30036K, committed 30336K, reserved 1075200K
  class space    used 3861K, capacity 4133K, committed 4224K, reserved 1048576K
Event: 21.438 GC heap after
Heap after GC invocations=5 (full 1):
 PSYoungGen      total 54784K, used 5103K [0x00000000d5d80000, 0x00000000d9800000, 0x0000000100000000)
  eden space 49664K, 0% used [0x00000000d5d80000,0x00000000d5d80000,0x00000000d8e00000)
  from space 5120K, 99% used [0x00000000d9300000,0x00000000d97fbf80,0x00000000d9800000)
  to   space 5120K, 0% used [0x00000000d8e00000,0x00000000d8e00000,0x00000000d9300000)
 ParOldGen       total 63488K, used 12737K [0x0000000081800000, 0x0000000085600000, 0x00000000d5d80000)
  object space 63488K, 20% used [0x0000000081800000,0x0000000082470730,0x0000000085600000)
 Metaspace       used 28713K, capacity 30036K, committed 30336K, reserved 1075200K
  class space    used 3861K, capacity 4133K, committed 4224K, reserved 1048576K
}
Event: 21.460 GC heap before
{Heap before GC invocations=6 (full 1):
 PSYoungGen      total 54784K, used 54730K [0x00000000d5d80000, 0x00000000d9800000, 0x0000000100000000)
  eden space 49664K, 99% used [0x00000000d5d80000,0x00000000d8df68b0,0x00000000d8e00000)
  from space 5120K, 99% used [0x00000000d9300000,0x00000000d97fbf80,0x00000000d9800000)
  to   space 5120K, 0% used [0x00000000d8e00000,0x00000000d8e00000,0x00000000d9300000)
 ParOldGen       total 63488K, used 12737K [0x0000000081800000, 0x0000000085600000, 0x00000000d5d80000)
  object space 63488K, 20% used [0x0000000081800000,0x0000000082470730,0x0000000085600000)
 Metaspace       used 28714K, capacity 30036K, committed 30336K, reserved 1075200K
  class space    used 3861K, capacity 4133K, committed 4224K, reserved 1048576K
Event: 21.469 GC heap after
Heap after GC invocations=6 (full 1):
 PSYoungGen      total 54784K, used 5119K [0x00000000d5d80000, 0x00000000dcf00000, 0x0000000100000000)
  eden space 49664K, 0% used [0x00000000d5d80000,0x00000000d5d80000,0x00000000d8e00000)
  from space 5120K, 99% used [0x00000000d8e00000,0x00000000d92ffe60,0x00000000d9300000)
  to   space 11264K, 0% used [0x00000000dc400000,0x00000000dc400000,0x00000000dcf00000)
 ParOldGen       total 63488K, used 12849K [0x0000000081800000, 0x0000000085600000, 0x00000000d5d80000)
  object space 63488K, 20% used [0x0000000081800000,0x000000008248c730,0x0000000085600000)
 Metaspace       used 28714K, capacity 30036K, committed 30336K, reserved 1075200K
  class space    used 3861K, capacity 4133K, committed 4224K, reserved 1048576K
}
Event: 21.487 GC heap before
{Heap before GC invocations=7 (full 1):
 PSYoungGen      total 54784K, used 54659K [0x00000000d5d80000, 0x00000000dcf00000, 0x0000000100000000)
  eden space 49664K, 99% used [0x00000000d5d80000,0x00000000d8de1188,0x00000000d8e00000)
  from space 5120K, 99% used [0x00000000d8e00000,0x00000000d92ffe60,0x00000000d9300000)
  to   space 11264K, 0% used [0x00000000dc400000,0x00000000dc400000,0x00000000dcf00000)
 ParOldGen       total 63488K, used 12849K [0x0000000081800000, 0x0000000085600000, 0x00000000d5d80000)
  object space 63488K, 20% used [0x0000000081800000,0x000000008248c730,0x0000000085600000)
 Metaspace       used 28715K, capacity 30036K, committed 30336K, reserved 1075200K
  class space    used 3861K, capacity 4133K, committed 4224K, reserved 1048576K
Event: 21.493 GC heap after
Heap after GC invocations=7 (full 1):
 PSYoungGen      total 105472K, used 5441K [0x00000000d5d80000, 0x00000000dd000000, 0x0000000100000000)
  eden space 94208K, 0% used [0x00000000d5d80000,0x00000000d5d80000,0x00000000db980000)
  from space 11264K, 48% used [0x00000000dc400000,0x00000000dc9507b0,0x00000000dcf00000)
  to   space 10752K, 0% used [0x00000000db980000,0x00000000db980000,0x00000000dc400000)
 ParOldGen       total 63488K, used 12857K [0x0000000081800000, 0x0000000085600000, 0x00000000d5d80000)
  object space 63488K, 20% used [0x0000000081800000,0x000000008248e730,0x0000000085600000)
 Metaspace       used 28715K, capacity 30036K, committed 30336K, reserved 1075200K
  class space    used 3861K, capacity 4133K, committed 4224K, reserved 1048576K
}
Event: 21.539 GC heap before
{Heap before GC invocations=8 (full 1):
 PSYoungGen      total 105472K, used 99549K [0x00000000d5d80000, 0x00000000dd000000, 0x0000000100000000)
  eden space 94208K, 99% used [0x00000000d5d80000,0x00000000db966ff8,0x00000000db980000)
  from space 11264K, 48% used [0x00000000dc400000,0x00000000dc9507b0,0x00000000dcf00000)
  to   space 10752K, 0% used [0x00000000db980000,0x00000000db980000,0x00000000dc400000)
 ParOldGen       total 63488K, used 12857K [0x0000000081800000, 0x0000000085600000, 0x00000000d5d80000)
  object space 63488K, 20% used [0x0000000081800000,0x000000008248e730,0x0000000085600000)
 Metaspace       used 28748K, capacity 30066K, committed 30336K, reserved 1075200K
  class space    used 3864K, capacity 4138K, committed 4224K, reserved 1048576K
Event: 21.546 GC heap after
Heap after GC invocations=8 (full 1):
 PSYoungGen      total 104960K, used 5627K [0x00000000d5d80000, 0x00000000e2400000, 0x0000000100000000)
  eden space 94208K, 0% used [0x00000000d5d80000,0x00000000d5d80000,0x00000000db980000)
  from space 10752K, 52% used [0x00000000db980000,0x00000000dbefeef8,0x00000000dc400000)
  to   space 10752K, 0% used [0x00000000e1980000,0x00000000e1980000,0x00000000e2400000)
 ParOldGen       total 63488K, used 12857K [0x0000000081800000, 0x0000000085600000, 0x00000000d5d80000)
  object space 63488K, 20% used [0x0000000081800000,0x000000008248e730,0x0000000085600000)
 Metaspace       used 28748K, capacity 30066K, committed 30336K, reserved 1075200K
  class space    used 3864K, capacity 4138K, committed 4224K, reserved 1048576K
}
Event: 23.695 GC heap before
{Heap before GC invocations=9 (full 1):
 PSYoungGen      total 104960K, used 99835K [0x00000000d5d80000, 0x00000000e2400000, 0x0000000100000000)
  eden space 94208K, 100% used [0x00000000d5d80000,0x00000000db980000,0x00000000db980000)
  from space 10752K, 52% used [0x00000000db980000,0x00000000dbefeef8,0x00000000dc400000)
  to   space 10752K, 0% used [0x00000000e1980000,0x00000000e1980000,0x00000000e2400000)
 ParOldGen       total 63488K, used 12857K [0x0000000081800000, 0x0000000085600000, 0x00000000d5d80000)
  object space 63488K, 20% used [0x0000000081800000,0x000000008248e730,0x0000000085600000)
 Metaspace       used 29582K, capacity 30932K, committed 31104K, reserved 1077248K
  class space    used 3918K, capacity 4181K, committed 4224K, reserved 1048576K
Event: 23.708 GC heap after
Heap after GC invocations=9 (full 1):
 PSYoungGen      total 188416K, used 4864K [0x00000000d5d80000, 0x00000000e2200000, 0x0000000100000000)
  eden space 179712K, 0% used [0x00000000d5d80000,0x00000000d5d80000,0x00000000e0d00000)
  from space 8704K, 55% used [0x00000000e1980000,0x00000000e1e400e8,0x00000000e2200000)
  to   space 10752K, 0% used [0x00000000e0d00000,0x00000000e0d00000,0x00000000e1780000)
 ParOldGen       total 63488K, used 17394K [0x0000000081800000, 0x0000000085600000, 0x00000000d5d80000)
  object space 63488K, 27% used [0x0000000081800000,0x00000000828fc8e8,0x0000000085600000)
 Metaspace       used 29582K, capacity 30932K, committed 31104K, reserved 1077248K
  class space    used 3918K, capacity 4181K, committed 4224K, reserved 1048576K
}

